{"numFailedTestSuites":1,"numFailedTests":3,"numPassedTestSuites":0,"numPassedTests":0,"numPendingTestSuites":0,"numPendingTests":0,"numRuntimeErrorTestSuites":0,"numTodoTests":0,"numTotalTestSuites":1,"numTotalTests":3,"openHandles":[],"snapshot":{"added":0,"didUpdate":false,"failure":false,"filesAdded":0,"filesRemoved":0,"filesRemovedList":[],"filesUnmatched":0,"filesUpdated":0,"matched":0,"total":0,"unchecked":0,"uncheckedKeysByFile":[],"unmatched":0,"updated":0},"startTime":1787496668047,"success":false,"testResults":[{"assertionResults":[{"ancestorTitles":["vehicle seed integrations"],"duration":621,"failureDetails":[{"name":"TSError","diagnosticText":"\u001b[96msrc/utils/vehicleSeed.ts\u001b[0m:\u001b[93m147\u001b[0m:\u001b[93m23\u001b[0m - \u001b[91merror\u001b[0m\u001b[90m TS2339: \u001b[0mProperty 'imageUrl' does not exist on type '{ readonly make: \"Toyota\"; readonly model: \"Camry\"; readonly category: \"Sedan\"; readonly price: 27999; readonly quantity: 8; } | { readonly make: \"Honda\"; readonly model: \"Accord\"; readonly category: \"Sedan\"; readonly price: 25950; readonly quantity: 6; } | ... 30 more ... | { ...; }'.\n  Property 'imageUrl' does not exist on type '{ readonly make: \"Toyota\"; readonly model: \"Camry\"; readonly category: \"Sedan\"; readonly price: 27999; readonly quantity: 8; }'.\n\n\u001b[7m147\u001b[0m     imageUrl: vehicle.imageUrl,\n\u001b[7m   \u001b[0m \u001b[91m                      ~~~~~~~~\u001b[0m\n","diagnosticCodes":[2339]}],"failureMessages":[""],"fullName":"vehicle seed integrations fetches an Unsplash photo URL when a valid API key is configured","invocations":1,"location":null,"numPassingAsserts":0,"retryReasons":[],"status":"failed","title":"fetches an Unsplash photo URL when a valid API key is configured"},{"ancestorTitles":["vehicle seed integrations"],"duration":63,"failureDetails":[{"name":"TSError","diagnosticText":"\u001b[96msrc/utils/vehicleSeed.ts\u001b[0m:\u001b[93m147\u001b[0m:\u001b[93m23\u001b[0m - \u001b[91merror\u001b[0m\u001b[90m TS2339: \u001b[0mProperty 'imageUrl' does not exist on type '{ readonly make: \"Toyota\"; readonly model: \"Camry\"; readonly category: \"Sedan\"; readonly price: 27999; readonly quantity: 8; } | { readonly make: \"Honda\"; readonly model: \"Accord\"; readonly category: \"Sedan\"; readonly price: 25950; readonly quantity: 6; } | ... 30 more ... | { ...; }'.\n  Property 'imageUrl' does not exist on type '{ readonly make: \"Toyota\"; readonly model: \"Camry\"; readonly category: \"Sedan\"; readonly price: 27999; readonly quantity: 8; }'.\n\n\u001b[7m147\u001b[0m     imageUrl: vehicle.imageUrl,\n\u001b[7m   \u001b[0m \u001b[91m                      ~~~~~~~~\u001b[0m\n","diagnosticCodes":[2339]}],"failureMessages":[""],"fullName":"vehicle seed integrations falls back to a category placeholder when Unsplash returns no results","invocations":1,"location":null,"numPassingAsserts":0,"retryReasons":[],"status":"failed","title":"falls back to a category placeholder when Unsplash returns no results"},{"ancestorTitles":["vehicle seed integrations"],"duration":42,"failureDetails":[{"name":"TSError","diagnosticText":"\u001b[96msrc/utils/vehicleSeed.ts\u001b[0m:\u001b[93m147\u001b[0m:\u001b[93m23\u001b[0m - \u001b[91merror\u001b[0m\u001b[90m TS2339: \u001b[0mProperty 'imageUrl' does not exist on type '{ readonly make: \"Toyota\"; readonly model: \"Camry\"; readonly category: \"Sedan\"; readonly price: 27999; readonly quantity: 8; } | { readonly make: \"Honda\"; readonly model: \"Accord\"; readonly category: \"Sedan\"; readonly price: 25950; readonly quantity: 6; } | ... 30 more ... | { ...; }'.\n  Property 'imageUrl' does not exist on type '{ readonly make: \"Toyota\"; readonly model: \"Camry\"; readonly category: \"Sedan\"; readonly price: 27999; readonly quantity: 8; }'.\n\n\u001b[7m147\u001b[0m     imageUrl: vehicle.imageUrl,\n\u001b[7m   \u001b[0m \u001b[91m                      ~~~~~~~~\u001b[0m\n","diagnosticCodes":[2339]}],"failureMessages":[""],"fullName":"vehicle seed integrations maps real NHTSA makes and models into seed records","invocations":1,"location":null,"numPassingAsserts":0,"retryReasons":[],"status":"failed","title":"maps real NHTSA makes and models into seed records"}],"endTime":1787496673403,"message":"\u001b[1m\u001b[31m  \u001b[1m● \u001b[22m\u001b[1mvehicle seed integrations › fetches an Unsplash photo URL when a valid API key is configured\u001b[39m\u001b[22m\n\n\n\u001b[2m\u001b[22m\n\u001b[2m\u001b[22m\n\n\u001b[1m\u001b[31m  \u001b[1m● \u001b[22m\u001b[1mvehicle seed integrations › falls back to a category placeholder when Unsplash returns no results\u001b[39m\u001b[22m\n\n\n\u001b[2m\u001b[22m\n\u001b[2m\u001b[22m\n\n\u001b[1m\u001b[31m  \u001b[1m● \u001b[22m\u001b[1mvehicle seed integrations › maps real NHTSA makes and models into seed records\u001b[39m\u001b[22m\n\n\n\u001b[2m\u001b[22m\n\u001b[2m\u001b[22m\n","name":"C:\\Incubyte_project\\backend\\tests\\seedCatalog.test.ts","startTime":1787496668743,"status":"failed","summary":""}],"wasInterrupted":false}
